{"E:\\Namste-react\\12 - Let's build our Store\\Coding\\src\\component\\Work.js": {"path":"E:\\Namste-react\\12 - Let's build our Store\\Coding\\src\\component\\Work.js","statementMap":{"0":{"start":{"line":1,"column":13},"end":{"line":15,"column":1}},"1":{"start":{"line":2,"column":2},"end":{"line":14,"column":4}}},"fnMap":{"0":{"name":"(anonymous_0)","decl":{"start":{"line":1,"column":13},"end":{"line":1,"column":14}},"loc":{"start":{"line":1,"column":19},"end":{"line":15,"column":1}},"line":1}},"branchMap":{},"s":{"0":1,"1":2},"f":{"0":2},"b":{},"_coverageSchema":"1a1c01bbd47fc00a2c39e90264f33305004495a9","hash":"5101fc1f8a16bc779d06924899c0319c5fd555ef"}
}
